<?xml version="1.0" encoding="UTF-8"?>
<testsuite name="com.example.boardproject.BoardProjectApplicationTests" tests="1" skipped="0" failures="0" errors="0" timestamp="2023-05-19T07:29:10" hostname="leehobinui-MacBookPro.local" time="0.131">
  <properties/>
  <testcase name="writeTest()" classname="com.example.boardproject.BoardProjectApplicationTests" time="0.131"/>
  <system-out><![CDATA[16:29:08.756 [Test worker] DEBUG org.springframework.test.context.BootstrapUtils - Instantiating CacheAwareContextLoaderDelegate from class [org.springframework.test.context.cache.DefaultCacheAwareContextLoaderDelegate]
16:29:08.760 [Test worker] DEBUG org.springframework.test.context.BootstrapUtils - Instantiating BootstrapContext using constructor [public org.springframework.test.context.support.DefaultBootstrapContext(java.lang.Class,org.springframework.test.context.CacheAwareContextLoaderDelegate)]
16:29:08.773 [Test worker] DEBUG org.springframework.test.context.BootstrapUtils - Instantiating TestContextBootstrapper for test class [com.example.boardproject.BoardProjectApplicationTests] from class [org.springframework.boot.test.context.SpringBootTestContextBootstrapper]
16:29:08.777 [Test worker] INFO org.springframework.boot.test.context.SpringBootTestContextBootstrapper - Neither @ContextConfiguration nor @ContextHierarchy found for test class [com.example.boardproject.BoardProjectApplicationTests], using SpringBootContextLoader
16:29:08.778 [Test worker] DEBUG org.springframework.test.context.support.AbstractContextLoader - Did not detect default resource location for test class [com.example.boardproject.BoardProjectApplicationTests]: class path resource [com/example/boardproject/BoardProjectApplicationTests-context.xml] does not exist
16:29:08.778 [Test worker] DEBUG org.springframework.test.context.support.AbstractContextLoader - Did not detect default resource location for test class [com.example.boardproject.BoardProjectApplicationTests]: class path resource [com/example/boardproject/BoardProjectApplicationTestsContext.groovy] does not exist
16:29:08.778 [Test worker] INFO org.springframework.test.context.support.AbstractContextLoader - Could not detect default resource locations for test class [com.example.boardproject.BoardProjectApplicationTests]: no resource found for suffixes {-context.xml, Context.groovy}.
16:29:08.779 [Test worker] INFO org.springframework.test.context.support.AnnotationConfigContextLoaderUtils - Could not detect default configuration classes for test class [com.example.boardproject.BoardProjectApplicationTests]: BoardProjectApplicationTests does not declare any static, non-private, non-final, nested classes annotated with @Configuration.
16:29:08.793 [Test worker] DEBUG org.springframework.test.context.support.ActiveProfilesUtils - Could not find an 'annotation declaring class' for annotation type [org.springframework.test.context.ActiveProfiles] and class [com.example.boardproject.BoardProjectApplicationTests]
16:29:08.820 [Test worker] DEBUG org.springframework.context.annotation.ClassPathScanningCandidateComponentProvider - Identified candidate component class: file [/Users/leehobin/Documents/GitHub/project-class-leerobing/build/classes/java/main/com/example/boardproject/BoardProjectApplication.class]
16:29:08.820 [Test worker] INFO org.springframework.boot.test.context.SpringBootTestContextBootstrapper - Found @SpringBootConfiguration com.example.boardproject.BoardProjectApplication for test class com.example.boardproject.BoardProjectApplicationTests
16:29:08.850 [Test worker] DEBUG org.springframework.boot.test.context.SpringBootTestContextBootstrapper - @TestExecutionListeners is not present for class [com.example.boardproject.BoardProjectApplicationTests]: using defaults.
16:29:08.851 [Test worker] INFO org.springframework.boot.test.context.SpringBootTestContextBootstrapper - Loaded default TestExecutionListener class names from location [META-INF/spring.factories]: [org.springframework.boot.test.autoconfigure.restdocs.RestDocsTestExecutionListener, org.springframework.boot.test.autoconfigure.web.client.MockRestServiceServerResetTestExecutionListener, org.springframework.boot.test.autoconfigure.web.servlet.MockMvcPrintOnlyOnFailureTestExecutionListener, org.springframework.boot.test.autoconfigure.web.servlet.WebDriverTestExecutionListener, org.springframework.boot.test.autoconfigure.webservices.client.MockWebServiceServerTestExecutionListener, org.springframework.boot.test.mock.mockito.MockitoTestExecutionListener, org.springframework.boot.test.mock.mockito.ResetMocksTestExecutionListener, org.springframework.test.context.web.ServletTestExecutionListener, org.springframework.test.context.support.DirtiesContextBeforeModesTestExecutionListener, org.springframework.test.context.event.ApplicationEventsTestExecutionListener, org.springframework.test.context.support.DependencyInjectionTestExecutionListener, org.springframework.test.context.support.DirtiesContextTestExecutionListener, org.springframework.test.context.transaction.TransactionalTestExecutionListener, org.springframework.test.context.jdbc.SqlScriptsTestExecutionListener, org.springframework.test.context.event.EventPublishingTestExecutionListener]
16:29:08.856 [Test worker] INFO org.springframework.boot.test.context.SpringBootTestContextBootstrapper - Using TestExecutionListeners: [org.springframework.test.context.web.ServletTestExecutionListener@3c435123, org.springframework.test.context.support.DirtiesContextBeforeModesTestExecutionListener@50fe837a, org.springframework.test.context.event.ApplicationEventsTestExecutionListener@3a62c01e, org.springframework.boot.test.mock.mockito.MockitoTestExecutionListener@7a8fa663, org.springframework.boot.test.autoconfigure.SpringBootDependencyInjectionTestExecutionListener@5ce33a58, org.springframework.test.context.support.DirtiesContextTestExecutionListener@78a287ed, org.springframework.test.context.transaction.TransactionalTestExecutionListener@546ccad7, org.springframework.test.context.jdbc.SqlScriptsTestExecutionListener@5357c287, org.springframework.test.context.event.EventPublishingTestExecutionListener@1623134f, org.springframework.boot.test.autoconfigure.restdocs.RestDocsTestExecutionListener@7a527389, org.springframework.boot.test.autoconfigure.web.client.MockRestServiceServerResetTestExecutionListener@485a3466, org.springframework.boot.test.autoconfigure.web.servlet.MockMvcPrintOnlyOnFailureTestExecutionListener@25748410, org.springframework.boot.test.autoconfigure.web.servlet.WebDriverTestExecutionListener@2b43529a, org.springframework.boot.test.autoconfigure.webservices.client.MockWebServiceServerTestExecutionListener@4264b240, org.springframework.boot.test.mock.mockito.ResetMocksTestExecutionListener@5b04476e]
16:29:08.857 [Test worker] DEBUG org.springframework.test.context.support.AbstractDirtiesContextTestExecutionListener - Before test class: context [DefaultTestContext@305f7627 testClass = BoardProjectApplicationTests, testInstance = [null], testMethod = [null], testException = [null], mergedContextConfiguration = [WebMergedContextConfiguration@5d018107 testClass = BoardProjectApplicationTests, locations = '{}', classes = '{class com.example.boardproject.BoardProjectApplication}', contextInitializerClasses = '[]', activeProfiles = '{}', propertySourceLocations = '{}', propertySourceProperties = '{org.springframework.boot.test.context.SpringBootTestContextBootstrapper=true}', contextCustomizers = set[org.springframework.boot.test.autoconfigure.actuate.metrics.MetricsExportContextCustomizerFactory$DisableMetricExportContextCustomizer@338c99c8, org.springframework.boot.test.autoconfigure.properties.PropertyMappingContextCustomizer@0, org.springframework.boot.test.autoconfigure.web.servlet.WebDriverContextCustomizerFactory$Customizer@7582ff54, org.springframework.boot.test.context.filter.ExcludeFilterContextCustomizer@78641d23, org.springframework.boot.test.json.DuplicateJsonObjectContextCustomizerFactory$DuplicateJsonObjectContextCustomizer@2f67b837, org.springframework.boot.test.mock.mockito.MockitoContextCustomizer@0, org.springframework.boot.test.web.client.TestRestTemplateContextCustomizer@60856961, org.springframework.boot.test.context.SpringBootTestArgs@1, org.springframework.boot.test.context.SpringBootTestWebEnvironment@d21a74c], resourceBasePath = 'src/main/webapp', contextLoader = 'org.springframework.boot.test.context.SpringBootContextLoader', parent = [null]], attributes = map['org.springframework.test.context.web.ServletTestExecutionListener.activateListener' -> true]], class annotated with @DirtiesContext [false] with mode [null].

  .   ____          _            __ _ _
 /\\ / ___'_ __ _ _(_)_ __  __ _ \ \ \ \
( ( )\___ | '_ | '_| | '_ \/ _` | \ \ \ \
 \\/  ___)| |_)| | | | | || (_| |  ) ) ) )
  '  |____| .__|_| |_|_| |_\__, | / / / /
 =========|_|==============|___/=/_/_/_/
 :: Spring Boot ::               (v2.7.11)

2023-05-19 16:29:08.970  INFO 89961 --- [    Test worker] c.e.b.BoardProjectApplicationTests       : Starting BoardProjectApplicationTests using Java 17.0.6 on leehobinui-MacBookPro.local with PID 89961 (started by leehobin in /Users/leehobin/Documents/GitHub/project-class-leerobing)
2023-05-19 16:29:08.970  INFO 89961 --- [    Test worker] c.e.b.BoardProjectApplicationTests       : No active profile set, falling back to 1 default profile: "default"
2023-05-19 16:29:09.154  INFO 89961 --- [    Test worker] .s.d.r.c.RepositoryConfigurationDelegate : Bootstrapping Spring Data JPA repositories in DEFAULT mode.
2023-05-19 16:29:09.175  INFO 89961 --- [    Test worker] .s.d.r.c.RepositoryConfigurationDelegate : Finished Spring Data repository scanning in 19 ms. Found 1 JPA repository interfaces.
2023-05-19 16:29:09.451  INFO 89961 --- [    Test worker] o.hibernate.jpa.internal.util.LogHelper  : HHH000204: Processing PersistenceUnitInfo [name: default]
2023-05-19 16:29:09.483  INFO 89961 --- [    Test worker] org.hibernate.Version                    : HHH000412: Hibernate ORM core version 5.6.15.Final
2023-05-19 16:29:09.545  INFO 89961 --- [    Test worker] o.hibernate.annotations.common.Version   : HCANN000001: Hibernate Commons Annotations {5.1.2.Final}
2023-05-19 16:29:09.584  INFO 89961 --- [    Test worker] com.zaxxer.hikari.HikariDataSource       : HikariPool-1 - Starting...
2023-05-19 16:29:09.759  INFO 89961 --- [    Test worker] com.zaxxer.hikari.HikariDataSource       : HikariPool-1 - Start completed.
2023-05-19 16:29:09.770  INFO 89961 --- [    Test worker] org.hibernate.dialect.Dialect            : HHH000400: Using dialect: org.hibernate.dialect.MySQL8Dialect
2023-05-19 16:29:10.015  INFO 89961 --- [    Test worker] o.h.e.t.j.p.i.JtaPlatformInitiator       : HHH000490: Using JtaPlatform implementation: [org.hibernate.engine.transaction.jta.platform.internal.NoJtaPlatform]
2023-05-19 16:29:10.019  INFO 89961 --- [    Test worker] j.LocalContainerEntityManagerFactoryBean : Initialized JPA EntityManagerFactory for persistence unit 'default'
2023-05-19 16:29:10.283  WARN 89961 --- [    Test worker] JpaBaseConfiguration$JpaWebConfiguration : spring.jpa.open-in-view is enabled by default. Therefore, database queries may be performed during view rendering. Explicitly configure spring.jpa.open-in-view to disable this warning
2023-05-19 16:29:10.499  INFO 89961 --- [    Test worker] c.e.b.BoardProjectApplicationTests       : Started BoardProjectApplicationTests in 1.626 seconds (JVM running for 2.052)
Hibernate: 
    insert 
    into
        board
        (created_date, modified_date, content, title) 
    values
        (?, ?, ?, ?)
Hibernate: 
    select
        board0_.id as id1_0_,
        board0_.created_date as created_2_0_,
        board0_.modified_date as modified3_0_,
        board0_.content as content4_0_,
        board0_.title as title5_0_ 
    from
        board board0_
Hibernate: 
    select
        board0_.id as id1_0_,
        board0_.created_date as created_2_0_,
        board0_.modified_date as modified3_0_,
        board0_.content as content4_0_,
        board0_.title as title5_0_ 
    from
        board board0_
Hibernate: 
    delete 
    from
        board 
    where
        id=?
]]></system-out>
  <system-err><![CDATA[]]></system-err>
</testsuite>
