<?xml version="1.0" encoding="UTF-8"?>
<testsuite name="com.example.boardproject.BoardProjectApplicationTests$CrudTest" tests="1" skipped="0" failures="0" errors="0" timestamp="2023-05-18T13:50:25" hostname="leehobinui-MacBookPro.local" time="0.093">
  <properties/>
  <testcase name="readTest()" classname="com.example.boardproject.BoardProjectApplicationTests$CrudTest" time="0.093"/>
  <system-out><![CDATA[22:50:23.733 [Test worker] DEBUG org.springframework.test.context.BootstrapUtils - Instantiating CacheAwareContextLoaderDelegate from class [org.springframework.test.context.cache.DefaultCacheAwareContextLoaderDelegate]
22:50:23.733 [Test worker] DEBUG org.springframework.test.context.BootstrapUtils - Instantiating BootstrapContext using constructor [public org.springframework.test.context.support.DefaultBootstrapContext(java.lang.Class,org.springframework.test.context.CacheAwareContextLoaderDelegate)]
22:50:23.734 [Test worker] DEBUG org.springframework.test.context.BootstrapUtils - Instantiating TestContextBootstrapper for test class [com.example.boardproject.BoardProjectApplicationTests$CrudTest] from class [org.springframework.boot.test.context.SpringBootTestContextBootstrapper]
22:50:23.734 [Test worker] INFO org.springframework.boot.test.context.SpringBootTestContextBootstrapper - Neither @ContextConfiguration nor @ContextHierarchy found for test class [com.example.boardproject.BoardProjectApplicationTests$CrudTest], using SpringBootContextLoader
22:50:23.735 [Test worker] DEBUG org.springframework.test.context.support.AbstractContextLoader - Did not detect default resource location for test class [com.example.boardproject.BoardProjectApplicationTests$CrudTest]: class path resource [com/example/boardproject/BoardProjectApplicationTests$CrudTest-context.xml] does not exist
22:50:23.735 [Test worker] DEBUG org.springframework.test.context.support.AbstractContextLoader - Did not detect default resource location for test class [com.example.boardproject.BoardProjectApplicationTests$CrudTest]: class path resource [com/example/boardproject/BoardProjectApplicationTests$CrudTestContext.groovy] does not exist
22:50:23.735 [Test worker] INFO org.springframework.test.context.support.AbstractContextLoader - Could not detect default resource locations for test class [com.example.boardproject.BoardProjectApplicationTests$CrudTest]: no resource found for suffixes {-context.xml, Context.groovy}.
22:50:23.735 [Test worker] INFO org.springframework.test.context.support.AnnotationConfigContextLoaderUtils - Could not detect default configuration classes for test class [com.example.boardproject.BoardProjectApplicationTests$CrudTest]: CrudTest does not declare any static, non-private, non-final, nested classes annotated with @Configuration.
22:50:23.736 [Test worker] DEBUG org.springframework.test.context.support.ActiveProfilesUtils - Could not find an 'annotation declaring class' for annotation type [org.springframework.test.context.ActiveProfiles] and class [com.example.boardproject.BoardProjectApplicationTests$CrudTest]
22:50:23.737 [Test worker] INFO org.springframework.boot.test.context.SpringBootTestContextBootstrapper - Found @SpringBootConfiguration com.example.boardproject.BoardProjectApplication for test class com.example.boardproject.BoardProjectApplicationTests$CrudTest
22:50:23.738 [Test worker] DEBUG org.springframework.boot.test.context.SpringBootTestContextBootstrapper - @TestExecutionListeners is not present for class [com.example.boardproject.BoardProjectApplicationTests$CrudTest]: using defaults.
22:50:23.738 [Test worker] INFO org.springframework.boot.test.context.SpringBootTestContextBootstrapper - Loaded default TestExecutionListener class names from location [META-INF/spring.factories]: [org.springframework.boot.test.autoconfigure.restdocs.RestDocsTestExecutionListener, org.springframework.boot.test.autoconfigure.web.client.MockRestServiceServerResetTestExecutionListener, org.springframework.boot.test.autoconfigure.web.servlet.MockMvcPrintOnlyOnFailureTestExecutionListener, org.springframework.boot.test.autoconfigure.web.servlet.WebDriverTestExecutionListener, org.springframework.boot.test.autoconfigure.webservices.client.MockWebServiceServerTestExecutionListener, org.springframework.boot.test.mock.mockito.MockitoTestExecutionListener, org.springframework.boot.test.mock.mockito.ResetMocksTestExecutionListener, org.springframework.test.context.web.ServletTestExecutionListener, org.springframework.test.context.support.DirtiesContextBeforeModesTestExecutionListener, org.springframework.test.context.event.ApplicationEventsTestExecutionListener, org.springframework.test.context.support.DependencyInjectionTestExecutionListener, org.springframework.test.context.support.DirtiesContextTestExecutionListener, org.springframework.test.context.transaction.TransactionalTestExecutionListener, org.springframework.test.context.jdbc.SqlScriptsTestExecutionListener, org.springframework.test.context.event.EventPublishingTestExecutionListener]
22:50:23.738 [Test worker] INFO org.springframework.boot.test.context.SpringBootTestContextBootstrapper - Using TestExecutionListeners: [org.springframework.test.context.web.ServletTestExecutionListener@72445aba, org.springframework.test.context.support.DirtiesContextBeforeModesTestExecutionListener@61bcd567, org.springframework.test.context.event.ApplicationEventsTestExecutionListener@1c80e49b, org.springframework.boot.test.mock.mockito.MockitoTestExecutionListener@458342d3, org.springframework.boot.test.autoconfigure.SpringBootDependencyInjectionTestExecutionListener@15c25153, org.springframework.test.context.support.DirtiesContextTestExecutionListener@1252b961, org.springframework.test.context.transaction.TransactionalTestExecutionListener@9ed238c, org.springframework.test.context.jdbc.SqlScriptsTestExecutionListener@56276db8, org.springframework.test.context.event.EventPublishingTestExecutionListener@51e8e6e6, org.springframework.boot.test.autoconfigure.restdocs.RestDocsTestExecutionListener@56f6d40b, org.springframework.boot.test.autoconfigure.web.client.MockRestServiceServerResetTestExecutionListener@36676c1a, org.springframework.boot.test.autoconfigure.web.servlet.MockMvcPrintOnlyOnFailureTestExecutionListener@5b408dc3, org.springframework.boot.test.autoconfigure.web.servlet.WebDriverTestExecutionListener@4d098f9b, org.springframework.boot.test.autoconfigure.webservices.client.MockWebServiceServerTestExecutionListener@2dbf4cbd, org.springframework.boot.test.mock.mockito.ResetMocksTestExecutionListener@20b5f2ac]
22:50:23.739 [Test worker] DEBUG org.springframework.test.context.support.AbstractDirtiesContextTestExecutionListener - Before test class: context [DefaultTestContext@7fc44dec testClass = BoardProjectApplicationTests.CrudTest, testInstance = [null], testMethod = [null], testException = [null], mergedContextConfiguration = [WebMergedContextConfiguration@7e3060d8 testClass = BoardProjectApplicationTests.CrudTest, locations = '{}', classes = '{class com.example.boardproject.BoardProjectApplication}', contextInitializerClasses = '[]', activeProfiles = '{}', propertySourceLocations = '{}', propertySourceProperties = '{org.springframework.boot.test.context.SpringBootTestContextBootstrapper=true}', contextCustomizers = set[org.springframework.boot.test.autoconfigure.actuate.metrics.MetricsExportContextCustomizerFactory$DisableMetricExportContextCustomizer@31ff43be, org.springframework.boot.test.autoconfigure.properties.PropertyMappingContextCustomizer@0, org.springframework.boot.test.autoconfigure.web.servlet.WebDriverContextCustomizerFactory$Customizer@6af9fcb2, org.springframework.boot.test.context.filter.ExcludeFilterContextCustomizer@1046d517, org.springframework.boot.test.json.DuplicateJsonObjectContextCustomizerFactory$DuplicateJsonObjectContextCustomizer@21337f7b, org.springframework.boot.test.mock.mockito.MockitoContextCustomizer@0, org.springframework.boot.test.web.client.TestRestTemplateContextCustomizer@7b420819, org.springframework.boot.test.context.SpringBootTestArgs@1, org.springframework.boot.test.context.SpringBootTestWebEnvironment@15ca7889], resourceBasePath = 'src/main/webapp', contextLoader = 'org.springframework.boot.test.context.SpringBootContextLoader', parent = [null]], attributes = map['org.springframework.test.context.web.ServletTestExecutionListener.activateListener' -> true]], class annotated with @DirtiesContext [false] with mode [null].

  .   ____          _            __ _ _
 /\\ / ___'_ __ _ _(_)_ __  __ _ \ \ \ \
( ( )\___ | '_ | '_| | '_ \/ _` | \ \ \ \
 \\/  ___)| |_)| | | | | || (_| |  ) ) ) )
  '  |____| .__|_| |_|_| |_\__, | / / / /
 =========|_|==============|___/=/_/_/_/
 :: Spring Boot ::               (v2.7.11)

2023-05-18 22:50:23.871  INFO 88936 --- [    Test worker] c.e.b.BoardProjectApplicationTests       : Starting BoardProjectApplicationTests using Java 17.0.6 on leehobinui-MacBookPro.local with PID 88936 (started by leehobin in /Users/leehobin/Documents/GitHub/project-class-leerobing)
2023-05-18 22:50:23.872  INFO 88936 --- [    Test worker] c.e.b.BoardProjectApplicationTests       : No active profile set, falling back to 1 default profile: "default"
2023-05-18 22:50:24.078  INFO 88936 --- [    Test worker] .s.d.r.c.RepositoryConfigurationDelegate : Bootstrapping Spring Data JPA repositories in DEFAULT mode.
2023-05-18 22:50:24.101  INFO 88936 --- [    Test worker] .s.d.r.c.RepositoryConfigurationDelegate : Finished Spring Data repository scanning in 19 ms. Found 1 JPA repository interfaces.
2023-05-18 22:50:24.406  INFO 88936 --- [    Test worker] o.hibernate.jpa.internal.util.LogHelper  : HHH000204: Processing PersistenceUnitInfo [name: default]
2023-05-18 22:50:24.431  INFO 88936 --- [    Test worker] org.hibernate.Version                    : HHH000412: Hibernate ORM core version 5.6.15.Final
2023-05-18 22:50:24.504  INFO 88936 --- [    Test worker] o.hibernate.annotations.common.Version   : HCANN000001: Hibernate Commons Annotations {5.1.2.Final}
2023-05-18 22:50:24.545  INFO 88936 --- [    Test worker] com.zaxxer.hikari.HikariDataSource       : HikariPool-1 - Starting...
2023-05-18 22:50:24.728  INFO 88936 --- [    Test worker] com.zaxxer.hikari.HikariDataSource       : HikariPool-1 - Start completed.
2023-05-18 22:50:24.743  INFO 88936 --- [    Test worker] org.hibernate.dialect.Dialect            : HHH000400: Using dialect: org.hibernate.dialect.MySQL8Dialect
2023-05-18 22:50:25.023  INFO 88936 --- [    Test worker] o.h.e.t.j.p.i.JtaPlatformInitiator       : HHH000490: Using JtaPlatform implementation: [org.hibernate.engine.transaction.jta.platform.internal.NoJtaPlatform]
2023-05-18 22:50:25.028  INFO 88936 --- [    Test worker] j.LocalContainerEntityManagerFactoryBean : Initialized JPA EntityManagerFactory for persistence unit 'default'
2023-05-18 22:50:25.299  WARN 88936 --- [    Test worker] JpaBaseConfiguration$JpaWebConfiguration : spring.jpa.open-in-view is enabled by default. Therefore, database queries may be performed during view rendering. Explicitly configure spring.jpa.open-in-view to disable this warning
2023-05-18 22:50:25.530  INFO 88936 --- [    Test worker] c.e.b.BoardProjectApplicationTests       : Started BoardProjectApplicationTests in 1.776 seconds (JVM running for 2.254)
Hibernate: 
    select
        board0_.id as id1_0_0_,
        board0_.created_date as created_2_0_0_,
        board0_.modified_date as modified3_0_0_,
        board0_.content as content4_0_0_,
        board0_.title as title5_0_0_ 
    from
        board board0_ 
    where
        board0_.id=?
com.example.boardproject.domain.Board@2468c0e4
]]></system-out>
  <system-err><![CDATA[]]></system-err>
</testsuite>
